<?xml version="1.0" encoding="utf-8"?><testsuite errors="0" failures="0" name="pytest" skips="0" tests="4" time="0.964"><testcase classname="tests.test_sample.test_sample" file="tests\test_sample\test_sample.py" line="1" name="test_sample[sample_config_0]" time="0.9047927856445312"></testcase><testcase classname="tests.test_sample.test_sample" file="tests\test_sample\test_sample.py" line="1" name="test_sample[sample_config_1]" time="0.013399124145507812"></testcase><testcase classname="tests.test_sample.test_sample" file="tests\test_sample\test_sample.py" line="1" name="test_sample[sample_config_2]" time="0.005948543548583984"></testcase><testcase classname="tests.test_sample.test_sample" file="tests\test_sample\test_sample.py" line="1" name="test_sample[sample_config_3]" time="0.0034704208374023438"></testcase></testsuite>