<?xml version="1.0" encoding="utf-8"?><testsuite errors="0" failures="0" name="pytest" skips="0" tests="4" time="0.972"><testcase classname="testscripts.test_sample.test_sample" file="testscripts/test_sample/test_sample.py" line="8" name="test_sample[sample_config-0]" time="0.9249091148376465"><properties><property name="name" value="farm1"/><property name="config" value="sample_config"/></properties></testcase><testcase classname="oh boi2" file="testscripts/test_sample/test_sample.py" line="8" name="test_sample[sample_config-1]" time="0.0005846023559570312"><properties><property name="name" value="farm1"/><property name="config" value="sample_config"/></properties></testcase><testcase classname="testscripts.test_sample.test_sample" file="testscripts/test_sample/test_sample.py" line="8" name="test_sample[sample_config-2]" time="0.0006480216979980469"><properties><property name="name" value="farm1"/><property name="config" value="sample_config"/></properties></testcase><testcase classname="oh boi1" file="testscripts/test_sample/test_sample.py" line="8" name="test_sample[sample_config-3]" time="0.033120155334472656"><properties><property name="name" value="farm1"/><property name="config" value="sample_config"/></properties></testcase></testsuite>