<?xml version="1.0" encoding="utf-8"?><testsuite errors="0" failures="0" name="pytest" skips="0" tests="4" time="0.926"><testcase classname="tests.test_sample.test_sample" file="tests\test_sample\test_sample.py" line="1" name="test_sample[sample_config_0]" time="0.8852529525756836"></testcase><testcase classname="tests.test_sample.test_sample" file="tests\test_sample\test_sample.py" line="1" name="test_sample[sample_config_1]" time="0.0027310848236083984"></testcase><testcase classname="tests.test_sample.test_sample" file="tests\test_sample\test_sample.py" line="1" name="test_sample[sample_config_2]" time="0.003970146179199219"></testcase><testcase classname="tests.test_sample.test_sample" file="tests\test_sample\test_sample.py" line="1" name="test_sample[sample_config_3]" time="0.004979372024536133"></testcase></testsuite>